Analysis & Synthesis report for processador_pipeline
Wed Dec 19 21:04:29 2018
Quartus Prime Version 18.1.0 Build 625 09/12/2018 SJ Lite Edition


---------------------
; Table of Contents ;
---------------------
  1. Legal Notice
  2. Analysis & Synthesis Summary
  3. Analysis & Synthesis Settings
  4. Parallel Compilation
  5. Analysis & Synthesis Source Files Read
  6. Analysis & Synthesis Resource Usage Summary
  7. Analysis & Synthesis Resource Utilization by Entity
  8. User-Specified and Inferred Latches
  9. General Register Statistics
 10. Multiplexer Restructuring Statistics (Restructuring Performed)
 11. Post-Synthesis Netlist Statistics for Top Partition
 12. Elapsed Time Per Partition
 13. Analysis & Synthesis Messages



----------------
; Legal Notice ;
----------------
Copyright (C) 2018  Intel Corporation. All rights reserved.
Your use of Intel Corporation's design tools, logic functions 
and other software and tools, and its AMPP partner logic 
functions, and any output files from any of the foregoing 
(including device programming or simulation files), and any 
associated documentation or information are expressly subject 
to the terms and conditions of the Intel Program License 
Subscription Agreement, the Intel Quartus Prime License Agreement,
the Intel FPGA IP License Agreement, or other applicable license
agreement, including, without limitation, that your use is for
the sole purpose of programming logic devices manufactured by
Intel and sold by Intel or its authorized distributors.  Please
refer to the applicable agreement for further details.



+----------------------------------------------------------------------------------+
; Analysis & Synthesis Summary                                                     ;
+------------------------------------+---------------------------------------------+
; Analysis & Synthesis Status        ; Successful - Wed Dec 19 21:04:29 2018       ;
; Quartus Prime Version              ; 18.1.0 Build 625 09/12/2018 SJ Lite Edition ;
; Revision Name                      ; processador_pipeline                        ;
; Top-level Entity Name              ; ula                                         ;
; Family                             ; Cyclone IV E                                ;
; Total logic elements               ; 541                                         ;
;     Total combinational functions  ; 541                                         ;
;     Dedicated logic registers      ; 0                                           ;
; Total registers                    ; 0                                           ;
; Total pins                         ; 105                                         ;
; Total virtual pins                 ; 0                                           ;
; Total memory bits                  ; 0                                           ;
; Embedded Multiplier 9-bit elements ; 0                                           ;
; Total PLLs                         ; 0                                           ;
+------------------------------------+---------------------------------------------+


+--------------------------------------------------------------------------------------------------------------+
; Analysis & Synthesis Settings                                                                                ;
+------------------------------------------------------------------+--------------------+----------------------+
; Option                                                           ; Setting            ; Default Value        ;
+------------------------------------------------------------------+--------------------+----------------------+
; Device                                                           ; EP4CE115F29C7      ;                      ;
; Top-level entity name                                            ; ula                ; processador_pipeline ;
; Family name                                                      ; Cyclone IV E       ; Cyclone V            ;
; Use smart compilation                                            ; Off                ; Off                  ;
; Enable parallel Assembler and Timing Analyzer during compilation ; On                 ; On                   ;
; Enable compact report table                                      ; Off                ; Off                  ;
; Restructure Multiplexers                                         ; Auto               ; Auto                 ;
; Create Debugging Nodes for IP Cores                              ; Off                ; Off                  ;
; Preserve fewer node names                                        ; On                 ; On                   ;
; Intel FPGA IP Evaluation Mode                                    ; Enable             ; Enable               ;
; Verilog Version                                                  ; Verilog_2001       ; Verilog_2001         ;
; VHDL Version                                                     ; VHDL_1993          ; VHDL_1993            ;
; State Machine Processing                                         ; Auto               ; Auto                 ;
; Safe State Machine                                               ; Off                ; Off                  ;
; Extract Verilog State Machines                                   ; On                 ; On                   ;
; Extract VHDL State Machines                                      ; On                 ; On                   ;
; Ignore Verilog initial constructs                                ; Off                ; Off                  ;
; Iteration limit for constant Verilog loops                       ; 5000               ; 5000                 ;
; Iteration limit for non-constant Verilog loops                   ; 250                ; 250                  ;
; Add Pass-Through Logic to Inferred RAMs                          ; On                 ; On                   ;
; Infer RAMs from Raw Logic                                        ; On                 ; On                   ;
; Parallel Synthesis                                               ; On                 ; On                   ;
; DSP Block Balancing                                              ; Auto               ; Auto                 ;
; NOT Gate Push-Back                                               ; On                 ; On                   ;
; Power-Up Don't Care                                              ; On                 ; On                   ;
; Remove Redundant Logic Cells                                     ; Off                ; Off                  ;
; Remove Duplicate Registers                                       ; On                 ; On                   ;
; Ignore CARRY Buffers                                             ; Off                ; Off                  ;
; Ignore CASCADE Buffers                                           ; Off                ; Off                  ;
; Ignore GLOBAL Buffers                                            ; Off                ; Off                  ;
; Ignore ROW GLOBAL Buffers                                        ; Off                ; Off                  ;
; Ignore LCELL Buffers                                             ; Off                ; Off                  ;
; Ignore SOFT Buffers                                              ; On                 ; On                   ;
; Limit AHDL Integers to 32 Bits                                   ; Off                ; Off                  ;
; Optimization Technique                                           ; Balanced           ; Balanced             ;
; Carry Chain Length                                               ; 70                 ; 70                   ;
; Auto Carry Chains                                                ; On                 ; On                   ;
; Auto Open-Drain Pins                                             ; On                 ; On                   ;
; Perform WYSIWYG Primitive Resynthesis                            ; Off                ; Off                  ;
; Auto ROM Replacement                                             ; On                 ; On                   ;
; Auto RAM Replacement                                             ; On                 ; On                   ;
; Auto DSP Block Replacement                                       ; On                 ; On                   ;
; Auto Shift Register Replacement                                  ; Auto               ; Auto                 ;
; Allow Shift Register Merging across Hierarchies                  ; Auto               ; Auto                 ;
; Auto Clock Enable Replacement                                    ; On                 ; On                   ;
; Strict RAM Replacement                                           ; Off                ; Off                  ;
; Allow Synchronous Control Signals                                ; On                 ; On                   ;
; Force Use of Synchronous Clear Signals                           ; Off                ; Off                  ;
; Auto RAM Block Balancing                                         ; On                 ; On                   ;
; Auto RAM to Logic Cell Conversion                                ; Off                ; Off                  ;
; Auto Resource Sharing                                            ; Off                ; Off                  ;
; Allow Any RAM Size For Recognition                               ; Off                ; Off                  ;
; Allow Any ROM Size For Recognition                               ; Off                ; Off                  ;
; Allow Any Shift Register Size For Recognition                    ; Off                ; Off                  ;
; Use LogicLock Constraints during Resource Balancing              ; On                 ; On                   ;
; Ignore translate_off and synthesis_off directives                ; Off                ; Off                  ;
; Timing-Driven Synthesis                                          ; On                 ; On                   ;
; Report Parameter Settings                                        ; On                 ; On                   ;
; Report Source Assignments                                        ; On                 ; On                   ;
; Report Connectivity Checks                                       ; On                 ; On                   ;
; Ignore Maximum Fan-Out Assignments                               ; Off                ; Off                  ;
; Synchronization Register Chain Length                            ; 2                  ; 2                    ;
; Power Optimization During Synthesis                              ; Normal compilation ; Normal compilation   ;
; HDL message level                                                ; Level2             ; Level2               ;
; Suppress Register Optimization Related Messages                  ; Off                ; Off                  ;
; Number of Removed Registers Reported in Synthesis Report         ; 5000               ; 5000                 ;
; Number of Swept Nodes Reported in Synthesis Report               ; 5000               ; 5000                 ;
; Number of Inverted Registers Reported in Synthesis Report        ; 100                ; 100                  ;
; Clock MUX Protection                                             ; On                 ; On                   ;
; Auto Gated Clock Conversion                                      ; Off                ; Off                  ;
; Block Design Naming                                              ; Auto               ; Auto                 ;
; SDC constraint protection                                        ; Off                ; Off                  ;
; Synthesis Effort                                                 ; Auto               ; Auto                 ;
; Shift Register Replacement - Allow Asynchronous Clear Signal     ; On                 ; On                   ;
; Pre-Mapping Resynthesis Optimization                             ; Off                ; Off                  ;
; Analysis & Synthesis Message Level                               ; Medium             ; Medium               ;
; Disable Register Merging Across Hierarchies                      ; Auto               ; Auto                 ;
; Resource Aware Inference For Block RAM                           ; On                 ; On                   ;
+------------------------------------------------------------------+--------------------+----------------------+


+------------------------------------------+
; Parallel Compilation                     ;
+----------------------------+-------------+
; Processors                 ; Number      ;
+----------------------------+-------------+
; Number detected on machine ; 8           ;
; Maximum allowed            ; 4           ;
;                            ;             ;
; Average used               ; 1.00        ;
; Maximum used               ; 4           ;
;                            ;             ;
; Usage by Processor         ; % Time Used ;
;     Processor 1            ; 100.0%      ;
;     Processor 2            ;   0.0%      ;
;     Processors 3-4         ;   0.0%      ;
+----------------------------+-------------+


+----------------------------------------------------------------------------------------------------------------------------------------+
; Analysis & Synthesis Source Files Read                                                                                                 ;
+----------------------------------+-----------------+------------------------+------------------------------------------------+---------+
; File Name with User-Entered Path ; Used in Netlist ; File Type              ; File Name with Absolute Path                   ; Library ;
+----------------------------------+-----------------+------------------------+------------------------------------------------+---------+
; ula.v                            ; yes             ; User Verilog HDL File  ; F:/QuartusLite/PCID/processador_pipeline/ula.v ;         ;
+----------------------------------+-----------------+------------------------+------------------------------------------------+---------+


+--------------------------------------------------------------+
; Analysis & Synthesis Resource Usage Summary                  ;
+---------------------------------------------+----------------+
; Resource                                    ; Usage          ;
+---------------------------------------------+----------------+
; Estimated Total logic elements              ; 541            ;
;                                             ;                ;
; Total combinational functions               ; 541            ;
; Logic element usage by number of LUT inputs ;                ;
;     -- 4 input functions                    ; 229            ;
;     -- 3 input functions                    ; 261            ;
;     -- <=2 input functions                  ; 51             ;
;                                             ;                ;
; Logic elements by mode                      ;                ;
;     -- normal mode                          ; 478            ;
;     -- arithmetic mode                      ; 63             ;
;                                             ;                ;
; Total registers                             ; 0              ;
;     -- Dedicated logic registers            ; 0              ;
;     -- I/O registers                        ; 0              ;
;                                             ;                ;
; I/O pins                                    ; 105            ;
;                                             ;                ;
; Embedded Multiplier 9-bit elements          ; 0              ;
;                                             ;                ;
; Maximum fan-out node                        ; shamt[1]~input ;
; Maximum fan-out                             ; 74             ;
; Total fan-out                               ; 1939           ;
; Average fan-out                             ; 2.58           ;
+---------------------------------------------+----------------+


+----------------------------------------------------------------------------------------------------------------------------------------------------------------------------------------------------------+
; Analysis & Synthesis Resource Utilization by Entity                                                                                                                                                      ;
+----------------------------+---------------------+---------------------------+-------------+--------------+---------+-----------+------+--------------+---------------------+-------------+--------------+
; Compilation Hierarchy Node ; Combinational ALUTs ; Dedicated Logic Registers ; Memory Bits ; DSP Elements ; DSP 9x9 ; DSP 18x18 ; Pins ; Virtual Pins ; Full Hierarchy Name ; Entity Name ; Library Name ;
+----------------------------+---------------------+---------------------------+-------------+--------------+---------+-----------+------+--------------+---------------------+-------------+--------------+
; |ula                       ; 541 (541)           ; 0 (0)                     ; 0           ; 0            ; 0       ; 0         ; 105  ; 0            ; |ula                ; ula         ; work         ;
+----------------------------+---------------------+---------------------------+-------------+--------------+---------+-----------+------+--------------+---------------------+-------------+--------------+
Note: For table entries with two numbers listed, the numbers in parentheses indicate the number of resources of the given type used by the specific entity alone. The numbers listed outside of parentheses indicate the total resources of the given type used by the specific entity and all of its sub-entities in the hierarchy.


+----------------------------------------------------------------------------------------------------+
; User-Specified and Inferred Latches                                                                ;
+-----------------------------------------------------+---------------------+------------------------+
; Latch Name                                          ; Latch Enable Signal ; Free of Timing Hazards ;
+-----------------------------------------------------+---------------------+------------------------+
; out[0]$latch                                        ; Mux32               ; yes                    ;
; out[1]$latch                                        ; Mux32               ; yes                    ;
; out[2]$latch                                        ; Mux32               ; yes                    ;
; out[3]$latch                                        ; Mux32               ; yes                    ;
; out[4]$latch                                        ; Mux32               ; yes                    ;
; out[5]$latch                                        ; Mux32               ; yes                    ;
; out[6]$latch                                        ; Mux32               ; yes                    ;
; out[7]$latch                                        ; Mux32               ; yes                    ;
; out[8]$latch                                        ; Mux32               ; yes                    ;
; out[9]$latch                                        ; Mux32               ; yes                    ;
; out[10]$latch                                       ; Mux32               ; yes                    ;
; out[11]$latch                                       ; Mux32               ; yes                    ;
; out[12]$latch                                       ; Mux32               ; yes                    ;
; out[13]$latch                                       ; Mux32               ; yes                    ;
; out[14]$latch                                       ; Mux32               ; yes                    ;
; out[15]$latch                                       ; Mux32               ; yes                    ;
; out[16]$latch                                       ; Mux32               ; yes                    ;
; out[17]$latch                                       ; Mux32               ; yes                    ;
; out[18]$latch                                       ; Mux32               ; yes                    ;
; out[19]$latch                                       ; Mux32               ; yes                    ;
; out[20]$latch                                       ; Mux32               ; yes                    ;
; out[21]$latch                                       ; Mux32               ; yes                    ;
; out[22]$latch                                       ; Mux32               ; yes                    ;
; out[23]$latch                                       ; Mux32               ; yes                    ;
; out[24]$latch                                       ; Mux32               ; yes                    ;
; out[25]$latch                                       ; Mux32               ; yes                    ;
; out[26]$latch                                       ; Mux32               ; yes                    ;
; out[27]$latch                                       ; Mux32               ; yes                    ;
; out[28]$latch                                       ; Mux32               ; yes                    ;
; out[29]$latch                                       ; Mux32               ; yes                    ;
; out[30]$latch                                       ; Mux32               ; yes                    ;
; out[31]$latch                                       ; Mux32               ; yes                    ;
; Number of user-specified and inferred latches = 32  ;                     ;                        ;
+-----------------------------------------------------+---------------------+------------------------+
Note: All latches listed above may not be present at the end of synthesis due to various synthesis optimizations.


+------------------------------------------------------+
; General Register Statistics                          ;
+----------------------------------------------+-------+
; Statistic                                    ; Value ;
+----------------------------------------------+-------+
; Total registers                              ; 0     ;
; Number of registers using Synchronous Clear  ; 0     ;
; Number of registers using Synchronous Load   ; 0     ;
; Number of registers using Asynchronous Clear ; 0     ;
; Number of registers using Asynchronous Load  ; 0     ;
; Number of registers using Clock Enable       ; 0     ;
; Number of registers using Preset             ; 0     ;
+----------------------------------------------+-------+


+------------------------------------------------------------------------------------------------------------------------------------------+
; Multiplexer Restructuring Statistics (Restructuring Performed)                                                                           ;
+--------------------+-----------+---------------+----------------------+------------------------+------------+----------------------------+
; Multiplexer Inputs ; Bus Width ; Baseline Area ; Area if Restructured ; Saving if Restructured ; Registered ; Example Multiplexer Output ;
+--------------------+-----------+---------------+----------------------+------------------------+------------+----------------------------+
; 10:1               ; 8 bits    ; 48 LEs        ; 40 LEs               ; 8 LEs                  ; No         ; |ula|Mux15                 ;
; 10:1               ; 8 bits    ; 48 LEs        ; 40 LEs               ; 8 LEs                  ; No         ; |ula|Mux23                 ;
; 11:1               ; 4 bits    ; 28 LEs        ; 24 LEs               ; 4 LEs                  ; No         ; |ula|Mux5                  ;
; 11:1               ; 4 bits    ; 28 LEs        ; 24 LEs               ; 4 LEs                  ; No         ; |ula|Mux27                 ;
; 12:1               ; 2 bits    ; 16 LEs        ; 12 LEs               ; 4 LEs                  ; No         ; |ula|Mux2                  ;
; 12:1               ; 2 bits    ; 16 LEs        ; 12 LEs               ; 4 LEs                  ; No         ; |ula|Mux29                 ;
; 13:1               ; 2 bits    ; 16 LEs        ; 14 LEs               ; 2 LEs                  ; No         ; |ula|Mux1                  ;
; 13:1               ; 2 bits    ; 16 LEs        ; 14 LEs               ; 2 LEs                  ; No         ; |ula|Mux31                 ;
+--------------------+-----------+---------------+----------------------+------------------------+------------+----------------------------+


+-----------------------------------------------------+
; Post-Synthesis Netlist Statistics for Top Partition ;
+-----------------------+-----------------------------+
; Type                  ; Count                       ;
+-----------------------+-----------------------------+
; boundary_port         ; 105                         ;
; cycloneiii_lcell_comb ; 541                         ;
;     arith             ; 63                          ;
;         2 data inputs ; 1                           ;
;         3 data inputs ; 62                          ;
;     normal            ; 478                         ;
;         2 data inputs ; 50                          ;
;         3 data inputs ; 199                         ;
;         4 data inputs ; 229                         ;
;                       ;                             ;
; Max LUT depth         ; 11.00                       ;
; Average LUT depth     ; 8.07                        ;
+-----------------------+-----------------------------+


+-------------------------------+
; Elapsed Time Per Partition    ;
+----------------+--------------+
; Partition Name ; Elapsed Time ;
+----------------+--------------+
; Top            ; 00:00:03     ;
+----------------+--------------+


+-------------------------------+
; Analysis & Synthesis Messages ;
+-------------------------------+
Info: *******************************************************************
Info: Running Quartus Prime Analysis & Synthesis
    Info: Version 18.1.0 Build 625 09/12/2018 SJ Lite Edition
    Info: Processing started: Wed Dec 19 21:04:10 2018
Info: Command: quartus_map --read_settings_files=on --write_settings_files=off processador_pipeline -c processador_pipeline
Warning (18236): Number of processors has not been specified which may cause overloading on shared machines.  Set the global assignment NUM_PARALLEL_PROCESSORS in your QSF to an appropriate value for best performance.
Info (20030): Parallel compilation is enabled and will use 4 of the 4 processors detected
Info (12021): Found 1 design units, including 1 entities, in source file program_counter.v
    Info (12023): Found entity 1: program_counter File: F:/QuartusLite/PCID/processador_pipeline/program_counter.v Line: 1
Info (12021): Found 1 design units, including 1 entities, in source file instruction_memory.v
    Info (12023): Found entity 1: instruction_memory File: F:/QuartusLite/PCID/processador_pipeline/instruction_memory.v Line: 1
Info (12021): Found 1 design units, including 1 entities, in source file ula.v
    Info (12023): Found entity 1: ula File: F:/QuartusLite/PCID/processador_pipeline/ula.v Line: 1
Info (12021): Found 2 design units, including 2 entities, in source file somador.v
    Info (12023): Found entity 1: somador File: F:/QuartusLite/PCID/processador_pipeline/somador.v Line: 1
    Info (12023): Found entity 2: somador1bit File: F:/QuartusLite/PCID/processador_pipeline/somador.v Line: 42
Info (12021): Found 9 design units, including 9 entities, in source file banco_registradores.v
    Info (12023): Found entity 1: banco_registradores File: F:/QuartusLite/PCID/processador_pipeline/banco_registradores.v Line: 1
    Info (12023): Found entity 2: D_FF File: F:/QuartusLite/PCID/processador_pipeline/banco_registradores.v Line: 69
    Info (12023): Found entity 3: RegBit File: F:/QuartusLite/PCID/processador_pipeline/banco_registradores.v Line: 81
    Info (12023): Found entity 4: register File: F:/QuartusLite/PCID/processador_pipeline/banco_registradores.v Line: 95
    Info (12023): Found entity 5: decoder File: F:/QuartusLite/PCID/processador_pipeline/banco_registradores.v Line: 135
    Info (12023): Found entity 6: andmore File: F:/QuartusLite/PCID/processador_pipeline/banco_registradores.v Line: 174
    Info (12023): Found entity 7: dec5to32 File: F:/QuartusLite/PCID/processador_pipeline/banco_registradores.v Line: 180
    Info (12023): Found entity 8: mux32to1 File: F:/QuartusLite/PCID/processador_pipeline/banco_registradores.v Line: 224
    Info (12023): Found entity 9: mux32x32to32 File: F:/QuartusLite/PCID/processador_pipeline/banco_registradores.v Line: 278
Warning (10236): Verilog HDL Implicit Net warning at somador.v(48): created implicit net for "c1" File: F:/QuartusLite/PCID/processador_pipeline/somador.v Line: 48
Warning (10236): Verilog HDL Implicit Net warning at somador.v(49): created implicit net for "c2" File: F:/QuartusLite/PCID/processador_pipeline/somador.v Line: 49
Warning (10236): Verilog HDL Implicit Net warning at somador.v(50): created implicit net for "c3" File: F:/QuartusLite/PCID/processador_pipeline/somador.v Line: 50
Warning (10236): Verilog HDL Implicit Net warning at banco_registradores.v(177): created implicit net for "f1" File: F:/QuartusLite/PCID/processador_pipeline/banco_registradores.v Line: 177
Warning (10236): Verilog HDL Implicit Net warning at banco_registradores.v(183): created implicit net for "Nota" File: F:/QuartusLite/PCID/processador_pipeline/banco_registradores.v Line: 183
Warning (10236): Verilog HDL Implicit Net warning at banco_registradores.v(184): created implicit net for "Notb" File: F:/QuartusLite/PCID/processador_pipeline/banco_registradores.v Line: 184
Warning (10236): Verilog HDL Implicit Net warning at banco_registradores.v(185): created implicit net for "Notc" File: F:/QuartusLite/PCID/processador_pipeline/banco_registradores.v Line: 185
Warning (10236): Verilog HDL Implicit Net warning at banco_registradores.v(186): created implicit net for "Notd" File: F:/QuartusLite/PCID/processador_pipeline/banco_registradores.v Line: 186
Warning (10236): Verilog HDL Implicit Net warning at banco_registradores.v(187): created implicit net for "Note" File: F:/QuartusLite/PCID/processador_pipeline/banco_registradores.v Line: 187
Warning (10236): Verilog HDL Implicit Net warning at banco_registradores.v(266): created implicit net for "g3" File: F:/QuartusLite/PCID/processador_pipeline/banco_registradores.v Line: 266
Warning (10236): Verilog HDL Implicit Net warning at banco_registradores.v(267): created implicit net for "g4" File: F:/QuartusLite/PCID/processador_pipeline/banco_registradores.v Line: 267
Warning (10236): Verilog HDL Implicit Net warning at banco_registradores.v(268): created implicit net for "g5" File: F:/QuartusLite/PCID/processador_pipeline/banco_registradores.v Line: 268
Warning (10236): Verilog HDL Implicit Net warning at banco_registradores.v(269): created implicit net for "g6" File: F:/QuartusLite/PCID/processador_pipeline/banco_registradores.v Line: 269
Warning (10236): Verilog HDL Implicit Net warning at banco_registradores.v(270): created implicit net for "g7" File: F:/QuartusLite/PCID/processador_pipeline/banco_registradores.v Line: 270
Warning (10236): Verilog HDL Implicit Net warning at banco_registradores.v(271): created implicit net for "g8" File: F:/QuartusLite/PCID/processador_pipeline/banco_registradores.v Line: 271
Warning (10236): Verilog HDL Implicit Net warning at banco_registradores.v(272): created implicit net for "g9" File: F:/QuartusLite/PCID/processador_pipeline/banco_registradores.v Line: 272
Warning (10236): Verilog HDL Implicit Net warning at banco_registradores.v(273): created implicit net for "g10" File: F:/QuartusLite/PCID/processador_pipeline/banco_registradores.v Line: 273
Warning (10236): Verilog HDL Implicit Net warning at banco_registradores.v(274): created implicit net for "g11" File: F:/QuartusLite/PCID/processador_pipeline/banco_registradores.v Line: 274
Warning (10236): Verilog HDL Implicit Net warning at banco_registradores.v(275): created implicit net for "g12" File: F:/QuartusLite/PCID/processador_pipeline/banco_registradores.v Line: 275
Info (12127): Elaborating entity "ula" for the top level hierarchy
Warning (10235): Verilog HDL Always Construct warning at ula.v(18): variable "shamt" is read inside the Always Construct but isn't in the Always Construct's Event Control File: F:/QuartusLite/PCID/processador_pipeline/ula.v Line: 18
Warning (10235): Verilog HDL Always Construct warning at ula.v(19): variable "shamt" is read inside the Always Construct but isn't in the Always Construct's Event Control File: F:/QuartusLite/PCID/processador_pipeline/ula.v Line: 19
Warning (10270): Verilog HDL Case Statement warning at ula.v(13): incomplete case statement has no default case item File: F:/QuartusLite/PCID/processador_pipeline/ula.v Line: 13
Warning (10240): Verilog HDL Always Construct warning at ula.v(11): inferring latch(es) for variable "out", which holds its previous value in one or more paths through the always construct File: F:/QuartusLite/PCID/processador_pipeline/ula.v Line: 11
Warning (10230): Verilog HDL assignment warning at ula.v(26): truncated value with size 32 to match size of target (1) File: F:/QuartusLite/PCID/processador_pipeline/ula.v Line: 26
Info (10041): Inferred latch for "out[0]" at ula.v(11) File: F:/QuartusLite/PCID/processador_pipeline/ula.v Line: 11
Info (10041): Inferred latch for "out[1]" at ula.v(11) File: F:/QuartusLite/PCID/processador_pipeline/ula.v Line: 11
Info (10041): Inferred latch for "out[2]" at ula.v(11) File: F:/QuartusLite/PCID/processador_pipeline/ula.v Line: 11
Info (10041): Inferred latch for "out[3]" at ula.v(11) File: F:/QuartusLite/PCID/processador_pipeline/ula.v Line: 11
Info (10041): Inferred latch for "out[4]" at ula.v(11) File: F:/QuartusLite/PCID/processador_pipeline/ula.v Line: 11
Info (10041): Inferred latch for "out[5]" at ula.v(11) File: F:/QuartusLite/PCID/processador_pipeline/ula.v Line: 11
Info (10041): Inferred latch for "out[6]" at ula.v(11) File: F:/QuartusLite/PCID/processador_pipeline/ula.v Line: 11
Info (10041): Inferred latch for "out[7]" at ula.v(11) File: F:/QuartusLite/PCID/processador_pipeline/ula.v Line: 11
Info (10041): Inferred latch for "out[8]" at ula.v(11) File: F:/QuartusLite/PCID/processador_pipeline/ula.v Line: 11
Info (10041): Inferred latch for "out[9]" at ula.v(11) File: F:/QuartusLite/PCID/processador_pipeline/ula.v Line: 11
Info (10041): Inferred latch for "out[10]" at ula.v(11) File: F:/QuartusLite/PCID/processador_pipeline/ula.v Line: 11
Info (10041): Inferred latch for "out[11]" at ula.v(11) File: F:/QuartusLite/PCID/processador_pipeline/ula.v Line: 11
Info (10041): Inferred latch for "out[12]" at ula.v(11) File: F:/QuartusLite/PCID/processador_pipeline/ula.v Line: 11
Info (10041): Inferred latch for "out[13]" at ula.v(11) File: F:/QuartusLite/PCID/processador_pipeline/ula.v Line: 11
Info (10041): Inferred latch for "out[14]" at ula.v(11) File: F:/QuartusLite/PCID/processador_pipeline/ula.v Line: 11
Info (10041): Inferred latch for "out[15]" at ula.v(11) File: F:/QuartusLite/PCID/processador_pipeline/ula.v Line: 11
Info (10041): Inferred latch for "out[16]" at ula.v(11) File: F:/QuartusLite/PCID/processador_pipeline/ula.v Line: 11
Info (10041): Inferred latch for "out[17]" at ula.v(11) File: F:/QuartusLite/PCID/processador_pipeline/ula.v Line: 11
Info (10041): Inferred latch for "out[18]" at ula.v(11) File: F:/QuartusLite/PCID/processador_pipeline/ula.v Line: 11
Info (10041): Inferred latch for "out[19]" at ula.v(11) File: F:/QuartusLite/PCID/processador_pipeline/ula.v Line: 11
Info (10041): Inferred latch for "out[20]" at ula.v(11) File: F:/QuartusLite/PCID/processador_pipeline/ula.v Line: 11
Info (10041): Inferred latch for "out[21]" at ula.v(11) File: F:/QuartusLite/PCID/processador_pipeline/ula.v Line: 11
Info (10041): Inferred latch for "out[22]" at ula.v(11) File: F:/QuartusLite/PCID/processador_pipeline/ula.v Line: 11
Info (10041): Inferred latch for "out[23]" at ula.v(11) File: F:/QuartusLite/PCID/processador_pipeline/ula.v Line: 11
Info (10041): Inferred latch for "out[24]" at ula.v(11) File: F:/QuartusLite/PCID/processador_pipeline/ula.v Line: 11
Info (10041): Inferred latch for "out[25]" at ula.v(11) File: F:/QuartusLite/PCID/processador_pipeline/ula.v Line: 11
Info (10041): Inferred latch for "out[26]" at ula.v(11) File: F:/QuartusLite/PCID/processador_pipeline/ula.v Line: 11
Info (10041): Inferred latch for "out[27]" at ula.v(11) File: F:/QuartusLite/PCID/processador_pipeline/ula.v Line: 11
Info (10041): Inferred latch for "out[28]" at ula.v(11) File: F:/QuartusLite/PCID/processador_pipeline/ula.v Line: 11
Info (10041): Inferred latch for "out[29]" at ula.v(11) File: F:/QuartusLite/PCID/processador_pipeline/ula.v Line: 11
Info (10041): Inferred latch for "out[30]" at ula.v(11) File: F:/QuartusLite/PCID/processador_pipeline/ula.v Line: 11
Info (10041): Inferred latch for "out[31]" at ula.v(11) File: F:/QuartusLite/PCID/processador_pipeline/ula.v Line: 11
Warning (13012): Latch out[0]$latch has unsafe behavior File: F:/QuartusLite/PCID/processador_pipeline/ula.v Line: 11
    Warning (13013): Ports D and ENA on the latch are fed by the same signal operation[1] File: F:/QuartusLite/PCID/processador_pipeline/ula.v Line: 4
Warning (13012): Latch out[1]$latch has unsafe behavior File: F:/QuartusLite/PCID/processador_pipeline/ula.v Line: 11
    Warning (13013): Ports D and ENA on the latch are fed by the same signal operation[1] File: F:/QuartusLite/PCID/processador_pipeline/ula.v Line: 4
Warning (13012): Latch out[2]$latch has unsafe behavior File: F:/QuartusLite/PCID/processador_pipeline/ula.v Line: 11
    Warning (13013): Ports D and ENA on the latch are fed by the same signal operation[2] File: F:/QuartusLite/PCID/processador_pipeline/ula.v Line: 4
Warning (13012): Latch out[3]$latch has unsafe behavior File: F:/QuartusLite/PCID/processador_pipeline/ula.v Line: 11
    Warning (13013): Ports D and ENA on the latch are fed by the same signal operation[2] File: F:/QuartusLite/PCID/processador_pipeline/ula.v Line: 4
Warning (13012): Latch out[4]$latch has unsafe behavior File: F:/QuartusLite/PCID/processador_pipeline/ula.v Line: 11
    Warning (13013): Ports D and ENA on the latch are fed by the same signal operation[0] File: F:/QuartusLite/PCID/processador_pipeline/ula.v Line: 4
Warning (13012): Latch out[5]$latch has unsafe behavior File: F:/QuartusLite/PCID/processador_pipeline/ula.v Line: 11
    Warning (13013): Ports D and ENA on the latch are fed by the same signal operation[0] File: F:/QuartusLite/PCID/processador_pipeline/ula.v Line: 4
Warning (13012): Latch out[6]$latch has unsafe behavior File: F:/QuartusLite/PCID/processador_pipeline/ula.v Line: 11
    Warning (13013): Ports D and ENA on the latch are fed by the same signal operation[0] File: F:/QuartusLite/PCID/processador_pipeline/ula.v Line: 4
Warning (13012): Latch out[7]$latch has unsafe behavior File: F:/QuartusLite/PCID/processador_pipeline/ula.v Line: 11
    Warning (13013): Ports D and ENA on the latch are fed by the same signal operation[0] File: F:/QuartusLite/PCID/processador_pipeline/ula.v Line: 4
Warning (13012): Latch out[8]$latch has unsafe behavior File: F:/QuartusLite/PCID/processador_pipeline/ula.v Line: 11
    Warning (13013): Ports D and ENA on the latch are fed by the same signal operation[1] File: F:/QuartusLite/PCID/processador_pipeline/ula.v Line: 4
Warning (13012): Latch out[9]$latch has unsafe behavior File: F:/QuartusLite/PCID/processador_pipeline/ula.v Line: 11
    Warning (13013): Ports D and ENA on the latch are fed by the same signal operation[1] File: F:/QuartusLite/PCID/processador_pipeline/ula.v Line: 4
Warning (13012): Latch out[10]$latch has unsafe behavior File: F:/QuartusLite/PCID/processador_pipeline/ula.v Line: 11
    Warning (13013): Ports D and ENA on the latch are fed by the same signal operation[1] File: F:/QuartusLite/PCID/processador_pipeline/ula.v Line: 4
Warning (13012): Latch out[11]$latch has unsafe behavior File: F:/QuartusLite/PCID/processador_pipeline/ula.v Line: 11
    Warning (13013): Ports D and ENA on the latch are fed by the same signal operation[1] File: F:/QuartusLite/PCID/processador_pipeline/ula.v Line: 4
Warning (13012): Latch out[12]$latch has unsafe behavior File: F:/QuartusLite/PCID/processador_pipeline/ula.v Line: 11
    Warning (13013): Ports D and ENA on the latch are fed by the same signal operation[1] File: F:/QuartusLite/PCID/processador_pipeline/ula.v Line: 4
Warning (13012): Latch out[13]$latch has unsafe behavior File: F:/QuartusLite/PCID/processador_pipeline/ula.v Line: 11
    Warning (13013): Ports D and ENA on the latch are fed by the same signal operation[1] File: F:/QuartusLite/PCID/processador_pipeline/ula.v Line: 4
Warning (13012): Latch out[14]$latch has unsafe behavior File: F:/QuartusLite/PCID/processador_pipeline/ula.v Line: 11
    Warning (13013): Ports D and ENA on the latch are fed by the same signal operation[1] File: F:/QuartusLite/PCID/processador_pipeline/ula.v Line: 4
Warning (13012): Latch out[15]$latch has unsafe behavior File: F:/QuartusLite/PCID/processador_pipeline/ula.v Line: 11
    Warning (13013): Ports D and ENA on the latch are fed by the same signal operation[1] File: F:/QuartusLite/PCID/processador_pipeline/ula.v Line: 4
Warning (13012): Latch out[16]$latch has unsafe behavior File: F:/QuartusLite/PCID/processador_pipeline/ula.v Line: 11
    Warning (13013): Ports D and ENA on the latch are fed by the same signal operation[1] File: F:/QuartusLite/PCID/processador_pipeline/ula.v Line: 4
Warning (13012): Latch out[17]$latch has unsafe behavior File: F:/QuartusLite/PCID/processador_pipeline/ula.v Line: 11
    Warning (13013): Ports D and ENA on the latch are fed by the same signal operation[1] File: F:/QuartusLite/PCID/processador_pipeline/ula.v Line: 4
Warning (13012): Latch out[18]$latch has unsafe behavior File: F:/QuartusLite/PCID/processador_pipeline/ula.v Line: 11
    Warning (13013): Ports D and ENA on the latch are fed by the same signal operation[1] File: F:/QuartusLite/PCID/processador_pipeline/ula.v Line: 4
Warning (13012): Latch out[19]$latch has unsafe behavior File: F:/QuartusLite/PCID/processador_pipeline/ula.v Line: 11
    Warning (13013): Ports D and ENA on the latch are fed by the same signal operation[1] File: F:/QuartusLite/PCID/processador_pipeline/ula.v Line: 4
Warning (13012): Latch out[20]$latch has unsafe behavior File: F:/QuartusLite/PCID/processador_pipeline/ula.v Line: 11
    Warning (13013): Ports D and ENA on the latch are fed by the same signal operation[1] File: F:/QuartusLite/PCID/processador_pipeline/ula.v Line: 4
Warning (13012): Latch out[21]$latch has unsafe behavior File: F:/QuartusLite/PCID/processador_pipeline/ula.v Line: 11
    Warning (13013): Ports D and ENA on the latch are fed by the same signal operation[1] File: F:/QuartusLite/PCID/processador_pipeline/ula.v Line: 4
Warning (13012): Latch out[22]$latch has unsafe behavior File: F:/QuartusLite/PCID/processador_pipeline/ula.v Line: 11
    Warning (13013): Ports D and ENA on the latch are fed by the same signal operation[1] File: F:/QuartusLite/PCID/processador_pipeline/ula.v Line: 4
Warning (13012): Latch out[23]$latch has unsafe behavior File: F:/QuartusLite/PCID/processador_pipeline/ula.v Line: 11
    Warning (13013): Ports D and ENA on the latch are fed by the same signal operation[1] File: F:/QuartusLite/PCID/processador_pipeline/ula.v Line: 4
Warning (13012): Latch out[24]$latch has unsafe behavior File: F:/QuartusLite/PCID/processador_pipeline/ula.v Line: 11
    Warning (13013): Ports D and ENA on the latch are fed by the same signal operation[0] File: F:/QuartusLite/PCID/processador_pipeline/ula.v Line: 4
Warning (13012): Latch out[25]$latch has unsafe behavior File: F:/QuartusLite/PCID/processador_pipeline/ula.v Line: 11
    Warning (13013): Ports D and ENA on the latch are fed by the same signal operation[0] File: F:/QuartusLite/PCID/processador_pipeline/ula.v Line: 4
Warning (13012): Latch out[26]$latch has unsafe behavior File: F:/QuartusLite/PCID/processador_pipeline/ula.v Line: 11
    Warning (13013): Ports D and ENA on the latch are fed by the same signal operation[0] File: F:/QuartusLite/PCID/processador_pipeline/ula.v Line: 4
Warning (13012): Latch out[27]$latch has unsafe behavior File: F:/QuartusLite/PCID/processador_pipeline/ula.v Line: 11
    Warning (13013): Ports D and ENA on the latch are fed by the same signal operation[0] File: F:/QuartusLite/PCID/processador_pipeline/ula.v Line: 4
Warning (13012): Latch out[28]$latch has unsafe behavior File: F:/QuartusLite/PCID/processador_pipeline/ula.v Line: 11
    Warning (13013): Ports D and ENA on the latch are fed by the same signal operation[2] File: F:/QuartusLite/PCID/processador_pipeline/ula.v Line: 4
Warning (13012): Latch out[29]$latch has unsafe behavior File: F:/QuartusLite/PCID/processador_pipeline/ula.v Line: 11
    Warning (13013): Ports D and ENA on the latch are fed by the same signal operation[1] File: F:/QuartusLite/PCID/processador_pipeline/ula.v Line: 4
Warning (13012): Latch out[30]$latch has unsafe behavior File: F:/QuartusLite/PCID/processador_pipeline/ula.v Line: 11
    Warning (13013): Ports D and ENA on the latch are fed by the same signal operation[1] File: F:/QuartusLite/PCID/processador_pipeline/ula.v Line: 4
Warning (13012): Latch out[31]$latch has unsafe behavior File: F:/QuartusLite/PCID/processador_pipeline/ula.v Line: 11
    Warning (13013): Ports D and ENA on the latch are fed by the same signal operation[1] File: F:/QuartusLite/PCID/processador_pipeline/ula.v Line: 4
Info (286030): Timing-Driven Synthesis is running
Info (16010): Generating hard_block partition "hard_block:auto_generated_inst"
    Info (16011): Adding 0 node(s), including 0 DDIO, 0 PLL, 0 transceiver and 0 LCELL
Info (21057): Implemented 646 device resources after synthesis - the final resource count might be different
    Info (21058): Implemented 72 input pins
    Info (21059): Implemented 33 output pins
    Info (21061): Implemented 541 logic cells
Info: Quartus Prime Analysis & Synthesis was successful. 0 errors, 89 warnings
    Info: Peak virtual memory: 674 megabytes
    Info: Processing ended: Wed Dec 19 21:04:29 2018
    Info: Elapsed time: 00:00:19
    Info: Total CPU time (on all processors): 00:00:34


